14:02:31.972 DEBUG com.soft.controller.EshopController - 
14:02:31.973 DEBUG com.soft.controller.EshopController - [EshopDAOImplTest.getTableSizeByTableNameTest()] --> Test of method "EshopDAOImpl.getTableSizeByTableNameTest()" in progress...
14:02:32.008 DEBUG com.soft.controller.EshopController - [EshopDAOImplTest.getTableSizeByTableNameTest()] --> Entity classes: [class com.soft.entity.CategoryEntity, class com.soft.entity.LocaleMessageEntity, class com.soft.entity.TransistorEntity, class com.soft.entity.ProducerEntity, class com.soft.entity.ResistorEntity, class com.soft.entity.PersonEntity]
14:02:32.177 DEBUG com.soft.controller.EshopController - [EshopDAOImplTest.getTableSizeByTableNameTest()] --> Entity: CategoryEntity: tableSize = 0
14:02:32.183 DEBUG com.soft.controller.EshopController - [EshopDAOImplTest.getTableSizeByTableNameTest()] --> Entity: LocaleMessageEntity: tableSize = 0
14:02:32.191 DEBUG com.soft.controller.EshopController - [EshopDAOImplTest.getTableSizeByTableNameTest()] --> Entity: TransistorEntity: tableSize = 0
14:02:32.202 DEBUG com.soft.controller.EshopController - [EshopDAOImplTest.getTableSizeByTableNameTest()] --> Entity: ProducerEntity: tableSize = 0
14:02:32.208 DEBUG com.soft.controller.EshopController - [EshopDAOImplTest.getTableSizeByTableNameTest()] --> Entity: ResistorEntity: tableSize = 0
14:02:32.213 DEBUG com.soft.controller.EshopController - [EshopDAOImplTest.getTableSizeByTableNameTest()] --> Entity: PersonEntity: tableSize = 0
14:02:32.213 DEBUG com.soft.controller.EshopController - [EshopDAOImplTest.getTableSizeByTableNameTest()] --> Entity: com.soft.entity.CategoryEntity : [id= 1  name = IamCategoryEntity  entityName = MyCategory  photo = [B@30a7653e]
14:02:32.281 DEBUG com.soft.controller.EshopController - [EshopDAOImplTest.getTableSizeByTableNameTest()] --> Entity: CategoryEntity: tableSize = 1
14:02:32.282 DEBUG com.soft.controller.EshopController - [EshopDAOImplTest.getTableSizeByTableNameTest()] --> Entity: com.soft.entity.LocaleMessageEntity : [id = 1  locale = MyLocale  msgKey = MyKey  message = MyMessage]
14:02:32.289 DEBUG com.soft.controller.EshopController - [EshopDAOImplTest.getTableSizeByTableNameTest()] --> Entity: LocaleMessageEntity: tableSize = 1
14:02:32.290 DEBUG com.soft.controller.EshopController - [EshopDAOImplTest.getTableSizeByTableNameTest()] --> Entity: com.soft.entity.TransistorEntity : [id = 1  category = 1  name = IamTransistorEntity  description = TransistorDescription  producer = 1  conductanceType = n-p-n  gain = 100.5  maxCurrent = 1.5  maxCurrentUnit = 1  tPackage = 1  photo = [B@5f8a02cf  price = 400.785  quantity = 120]
14:02:32.296 DEBUG com.soft.controller.EshopController - [EshopDAOImplTest.getTableSizeByTableNameTest()] --> Entity: TransistorEntity: tableSize = 1
14:02:32.296 DEBUG com.soft.controller.EshopController - [EshopDAOImplTest.getTableSizeByTableNameTest()] --> Entity: com.soft.entity.ProducerEntity : [id=1  producerName=IamProducerEntity]
14:02:32.318 DEBUG com.soft.controller.EshopController - [EshopDAOImplTest.getTableSizeByTableNameTest()] --> Entity: ProducerEntity: tableSize = 1
14:02:32.319 DEBUG com.soft.controller.EshopController - [EshopDAOImplTest.getTableSizeByTableNameTest()] --> Entity: com.soft.entity.ResistorEntity : [id = 1  category = 1  name = IamResistorEntity  description = ResistorDescription  producer = 1  nominal = 2.2  nominalUnit = 1  rPrecision = 1.5  power = 0.125  powerUnit = 1  rPackage = 1  photo = [B@7fef0b40  price = 100.25  quantity = 200]
14:02:32.328 DEBUG com.soft.controller.EshopController - [EshopDAOImplTest.getTableSizeByTableNameTest()] --> Entity: ResistorEntity: tableSize = 1
14:02:32.329 DEBUG com.soft.controller.EshopController - [EshopDAOImplTest.getTableSizeByTableNameTest()] --> Entity: com.soft.entity.PersonEntity : [id=1  name=IamPersonEntity]
14:02:32.344 DEBUG com.soft.controller.EshopController - [EshopDAOImplTest.getTableSizeByTableNameTest()] --> Entity: PersonEntity: tableSize = 1
14:02:32.358 DEBUG com.soft.controller.EshopController - [EshopDAOImplTest.getTableSizeByTableNameTest()] --> Entity: CategoryEntity: tableSize = 0
14:02:32.365 DEBUG com.soft.controller.EshopController - [EshopDAOImplTest.getTableSizeByTableNameTest()] --> Entity: LocaleMessageEntity: tableSize = 0
14:02:32.370 DEBUG com.soft.controller.EshopController - [EshopDAOImplTest.getTableSizeByTableNameTest()] --> Entity: TransistorEntity: tableSize = 0
14:02:32.389 DEBUG com.soft.controller.EshopController - [EshopDAOImplTest.getTableSizeByTableNameTest()] --> Entity: ProducerEntity: tableSize = 0
14:02:32.417 DEBUG com.soft.controller.EshopController - [EshopDAOImplTest.getTableSizeByTableNameTest()] --> Entity: ResistorEntity: tableSize = 0
14:02:32.431 DEBUG com.soft.controller.EshopController - [EshopDAOImplTest.getTableSizeByTableNameTest()] --> Entity: PersonEntity: tableSize = 0
14:02:32.442 DEBUG com.soft.controller.EshopController - 
14:02:32.442 DEBUG com.soft.controller.EshopController - [EshopDAOImplTest.readEntityByNameAndIdTest()] --> Test of method "EshopDAOImpl.readEntityByNameAndIdTest()" in progress...
14:02:32.442 DEBUG com.soft.controller.EshopController - ResistorEntity to write to DB = com.soft.entity.ResistorEntity : [id = 1  category = 1  name = IamResistorEntity  description = ResistorDescription  producer = 1  nominal = 2.2  nominalUnit = 1  rPrecision = 1.5  power = 0.125  powerUnit = 1  rPackage = 1  photo = [B@58b311ba  price = 100.25  quantity = 200]
14:02:32.446 DEBUG com.soft.controller.EshopController - ResistorEntity expected = com.soft.entity.ResistorEntity : [id = 2  category = 1  name = IamResistorEntity  description = ResistorDescription  producer = 1  nominal = 2.2  nominalUnit = 1  rPrecision = 1.5  power = 0.125  powerUnit = 1  rPackage = 1  photo = [B@58b311ba  price = 100.25  quantity = 200]
14:02:32.481 DEBUG com.soft.controller.EshopController - ResistorEntity actual = com.soft.entity.ResistorEntity : [id = 2  category = 1  name = IamResistorEntity  description = ResistorDescription  producer = 1  nominal = 2.2  nominalUnit = 1  rPrecision = 1.5  power = 0.125  powerUnit = 1  rPackage = 1  photo = [B@24a0c58b  price = 100.25  quantity = 200]
14:02:32.482 DEBUG com.soft.controller.EshopController - TransistorEntity to write to DB = com.soft.entity.TransistorEntity : [id = 1  category = 1  name = IamTransistorEntity  description = TransistorDescription  producer = 1  conductanceType = n-p-n  gain = 100.5  maxCurrent = 1.5  maxCurrentUnit = 1  tPackage = 1  photo = [B@604d28c6  price = 400.785  quantity = 120]
14:02:32.531 DEBUG com.soft.controller.EshopController - TransistorEntity expected = com.soft.entity.TransistorEntity : [id = 2  category = 1  name = IamTransistorEntity  description = TransistorDescription  producer = 1  conductanceType = n-p-n  gain = 100.5  maxCurrent = 1.5  maxCurrentUnit = 1  tPackage = 1  photo = [B@604d28c6  price = 400.785  quantity = 120]
14:02:32.531 DEBUG com.soft.controller.EshopController - TransistorEntity expected Modified = com.soft.entity.TransistorEntity : [id = 2  category = 1  name = IamTransistorEntity  description = TransistorDescription  producer = 1  conductanceType = n-p-n  gain = 100.5  maxCurrent = 1.5  maxCurrentUnit = 1  tPackage = 1  photo = [B@604d28c6  price = 400.785  quantity = 120]
14:02:32.547 DEBUG com.soft.controller.EshopController - TransistorEntity actual = com.soft.entity.TransistorEntity : [id = 2  category = 1  name = IamTransistorEntity  description = TransistorDescription  producer = 1  conductanceType = n-p-n  gain = 100.5  maxCurrent = 1.5  maxCurrentUnit = 1  tPackage = 1  photo = [B@666618d6  price = 400.785  quantity = 120]
14:02:32.572 DEBUG com.soft.controller.EshopController - [EshopDAOImplTest.readEntityByNameAndIdTest()] --> Test of method "EshopDAOImpl.readEntityByNameAndIdTest()" successfully completed.
14:02:32.577 DEBUG com.soft.controller.EshopController - 
14:02:32.577 DEBUG com.soft.controller.EshopController - [EshopDAOImplTest.readCategoryListTest()] --> Test of method "EshopDAOImpl.readCategoryList()" in progress...
14:02:32.577 DEBUG com.soft.controller.EshopController - Entity to write to DB = com.soft.entity.CategoryEntity : [id= 1  name = IamCategoryEntity  entityName = MyCategory  photo = [B@7e49ded]
14:02:32.590 DEBUG com.soft.controller.EshopController - Entity to write to DB = com.soft.entity.CategoryEntity : [id= 2  name = IamCategoryEntity2  entityName = MyCategory2  photo = [B@601d6622]
14:02:32.607 DEBUG com.soft.controller.EshopController - Expected list = [com.soft.entity.CategoryEntity : [id= 2  name = IamCategoryEntity  entityName = MyCategory  photo = [B@7e49ded], com.soft.entity.CategoryEntity : [id= 3  name = IamCategoryEntity2  entityName = MyCategory2  photo = [B@601d6622]]
14:02:32.622 DEBUG com.soft.controller.EshopController - Actual list = [com.soft.entity.CategoryEntity : [id= 2  name = IamCategoryEntity  entityName = MyCategory  photo = [B@6ddd1c51], com.soft.entity.CategoryEntity : [id= 3  name = IamCategoryEntity2  entityName = MyCategory2  photo = [B@752b69e3]]
14:02:32.632 DEBUG com.soft.controller.EshopController - [EshopDAOImplTest.readCategoryListTest()] --> Test of method "EshopDAOImpl.readCategoryList()" successfully completed.
14:02:32.639 DEBUG com.soft.controller.EshopController - 
14:02:32.639 DEBUG com.soft.controller.EshopController - [EshopDAOImplTest.readLocaleMessageByKeyTest()] --> Test of method "EshopDAOImpl.readLocaleMessageByKey()" in progress...
14:02:32.639 DEBUG com.soft.controller.EshopController - Expected object = com.soft.entity.LocaleMessageEntity : [id = 1  locale = MyLocale  msgKey = MyKey  message = MyMessage]
14:02:32.703 DEBUG com.soft.controller.EshopController - Expected object modified by Hibernate = com.soft.entity.LocaleMessageEntity : [id = 2  locale = MyLocale  msgKey = MyKey  message = MyMessage]
14:02:32.708 DEBUG com.soft.controller.EshopController - Actual object = com.soft.entity.LocaleMessageEntity : [id = 2  locale = MyLocale  msgKey = MyKey  message = MyMessage]
14:02:32.714 DEBUG com.soft.controller.EshopController - [EshopDAOImplTest.readLocaleMessageByKeyTest()] --> Test of method "EshopDAOImpl.readLocaleMessageByKey()" successfully completed.
